<?xml version="1.0" encoding="UTF-8"?>
<!-- Generated by org.testng.reporters.JUnitXMLReporter -->
<testsuite ignored="0" hostname="DESKTOP-BG83L86" failures="0" tests="4" name="Default test" time="3.28" errors="0" timestamp="2023-11-22T14:14:30 IST">
  <testcase classname="apiTestcases.QuizAppAPITest" name="positiveTestingOfAllSubjects" time="1.272"/>
  <testcase classname="apiTestcases.QuizAppAPITest" name="negativeTestingOfAllSubjects" time="0.045"/>
  <testcase classname="apiTestcases.QuizAppAPITest" name="positiveTestingOneSubject" time="0.056"/>
  <testcase classname="apiTestcases.QuizAppAPITest" name="negativeTestingOneSubject" time="0.074"/>
</testsuite> <!-- Default test -->
