<?xml version="1.0" encoding="UTF-8"?>
<!-- Generated by org.testng.reporters.JUnitXMLReporter -->
<testsuite ignored="0" hostname="DESKTOP-BG83L86" failures="0" tests="7" name="Default test" time="3.834" errors="0" timestamp="2023-12-21T09:49:27 IST">
  <testcase classname="com.quiz_app.testcases.QuizAppAPITest" name="verifyByGettingAllSubjectsWithValidEndpoint" time="1.659"/>
  <testcase classname="com.quiz_app.testcases.QuizAppAPITest" name="verifyByGettingAllSubjectsWithInValidEndpoint" time="0.051"/>
  <testcase classname="com.quiz_app.testcases.QuizAppAPITest" name="verifyByGettingOneSubjectsWithValidSubjectName" time="0.346"/>
  <testcase classname="com.quiz_app.testcases.QuizAppAPITest" name="verifyByGettingOneSubjectsWithValidSubjectName" time="0.401"/>
  <testcase classname="com.quiz_app.testcases.QuizAppAPITest" name="verifyByGettingOneSubjectsWithValidSubjectName" time="0.269"/>
  <testcase classname="com.quiz_app.testcases.QuizAppAPITest" name="verifyByGettingOneSubjectsWithValidSubjectName" time="0.383"/>
  <testcase classname="com.quiz_app.testcases.QuizAppAPITest" name="verifyByGettingOneSubjectsWithInvalidSubjectName" time="0.121"/>
</testsuite> <!-- Default test -->
