<?xml version="1.0" encoding="UTF-8"?>
<!-- Generated by org.testng.reporters.JUnitXMLReporter -->
<testsuite ignored="0" hostname="DESKTOP-BG83L86" failures="0" tests="4" name="Test" time="2.809" errors="0" timestamp="2023-12-21T09:53:47 IST">
  <testcase classname="com.quiz_app.testcases.QuizAppAPITest" name="verifyByGettingAllSubjectsWithValidEndpoint" time="1.69"/>
  <testcase classname="com.quiz_app.testcases.QuizAppAPITest" name="verifyByGettingAllSubjectsWithInValidEndpoint" time="0.058"/>
  <testcase classname="com.quiz_app.testcases.QuizAppAPITest" name="verifyByGettingOneSubjectsWithValidSubjectName" time="0.385"/>
  <testcase classname="com.quiz_app.testcases.QuizAppAPITest" name="verifyByGettingOneSubjectsWithInvalidSubjectName" time="0.112"/>
</testsuite> <!-- Test -->
