<?xml version="1.0" encoding="UTF-8"?>
<testsuite xmlns:xsi="http://www.w3.org/2001/XMLSchema-instance" xsi:noNamespaceSchemaLocation="https://maven.apache.org/surefire/maven-surefire-plugin/xsd/surefire-test-report-3.0.xsd" version="3.0" name="TestSuite" time="4.002" tests="4" errors="0" skipped="0" failures="0">
  <properties>
[...]
</properties>
  <testcase name="verifyByGettingAllSubjectsWithValidEndpoint" classname="com.quiz_app.testcases.QuizAppAPITest" time="1.642">
    <system-out><![CDATA[WARN StatusConsoleListener No Root logger was configured, creating default ERROR-level Root logger with Console appender
09:53:35.910 [main] INFO  com.quiz_app.testcases.QuizAppAPITest - Response Body: [
    {
        "subjectName": "Maths"
    },
    {
        "subjectName": "Science"
    }
]
09:53:35.913 [main] INFO  com.quiz_app.testcases.QuizAppAPITest - Response Code: 200
09:53:35.917 [main] INFO  com.quiz_app.testcases.QuizAppAPITest - Response Time: 432
09:53:36.533 [main] INFO  com.quiz_app.testcases.QuizAppAPITest - Key: Content-Type Value: application/json
09:53:36.533 [main] INFO  com.quiz_app.testcases.QuizAppAPITest - Key: Transfer-Encoding Value: chunked
09:53:36.533 [main] INFO  com.quiz_app.testcases.QuizAppAPITest - Key: Date Value: Thu, 21 Dec 2023 04:23:37 GMT
09:53:36.533 [main] INFO  com.quiz_app.testcases.QuizAppAPITest - Key: Keep-Alive Value: timeout=60
09:53:36.533 [main] INFO  com.quiz_app.testcases.QuizAppAPITest - Key: Connection Value: keep-alive
]]></system-out>
    <system-err><![CDATA[SLF4J: Failed to load class "org.slf4j.impl.StaticLoggerBinder".
SLF4J: Defaulting to no-operation (NOP) logger implementation
SLF4J: See http://www.slf4j.org/codes.html#StaticLoggerBinder for further details.
]]></system-err>
  </testcase>
  <testcase name="verifyByGettingAllSubjectsWithInValidEndpoint" classname="com.quiz_app.testcases.QuizAppAPITest" time="0.067">
    <system-out><![CDATA[09:53:36.665 [main] INFO  com.quiz_app.testcases.QuizAppAPITest - Response Body: {
    "timestamp": "2023-12-21T04:23:37.897+00:00",
    "status": 404,
    "error": "Not Found",
    "message": "No message available",
    "path": "/quiz/subject/all"
}
09:53:36.665 [main] INFO  com.quiz_app.testcases.QuizAppAPITest - Response Code: 404
09:53:36.665 [main] INFO  com.quiz_app.testcases.QuizAppAPITest - Response Time: 36
]]></system-out>
  </testcase>
  <testcase name="verifyByGettingOneSubjectsWithValidSubjectName" classname="com.quiz_app.testcases.QuizAppAPITest" time="0.363">
    <system-out><![CDATA[09:53:36.736 [main] INFO  com.quiz_app.testcases.QuizAppAPITest - Response Body: [
    {
        "questionId": 2,
        "questionType": "Image",
        "question": "https://imageio.forbes.com/specials-images/imageserve/5d35eacaf1176b0008974b54/0x0.jpg?format=jpg&crop=4560,2565,x790,y784,safe&width=1200",
        "option1": "true",
        "option2": "false",
        "option3": null,
        "option4": null,
        "option5": null,
        "correctOption": "false",
        "explanation": "Distance is a Scalar quantity because we couldn't consider direction",
        "subject": {
            "subjectName": "Maths"
        }
    },
    {
        "questionId": 5,
        "questionType": "Text",
        "question": "Which of the following is an example of application of force?",
        "option1": "when a body at rest starts moving",
        "option2": "when a moving body stops",
        "option3": "when moving body changes its direction",
        "option4": "All of the above",
        "option5": null,
        "correctOption": "when moving body changes its direction",
        "explanation": "Force can be defined as an external effort in the form of push or pull which: (i) Produces or tries to produce motion in a resting body (ii) Stops or tries to stop a moving body (iii) Changes or tries to change the direction of motion of the body",
        "subject": {
            "subjectName": "Maths"
        }
    }
]
09:53:37.043 [main] INFO  com.quiz_app.testcases.QuizAppAPITest - Response Code: 200
09:53:37.043 [main] INFO  com.quiz_app.testcases.QuizAppAPITest - Response Time: 39
09:53:37.044 [main] INFO  com.quiz_app.testcases.QuizAppAPITest - Key: Content-Type Value: application/json
09:53:37.044 [main] INFO  com.quiz_app.testcases.QuizAppAPITest - Key: Transfer-Encoding Value: chunked
09:53:37.044 [main] INFO  com.quiz_app.testcases.QuizAppAPITest - Key: Date Value: Thu, 21 Dec 2023 04:23:37 GMT
09:53:37.044 [main] INFO  com.quiz_app.testcases.QuizAppAPITest - Key: Keep-Alive Value: timeout=60
09:53:37.044 [main] INFO  com.quiz_app.testcases.QuizAppAPITest - Key: Connection Value: keep-alive
]]></system-out>
  </testcase>
  <testcase name="verifyByGettingOneSubjectsWithInvalidSubjectName" classname="com.quiz_app.testcases.QuizAppAPITest" time="0.105">
    <system-out><![CDATA[09:53:37.149 [main] INFO  com.quiz_app.testcases.QuizAppAPITest - Response Body: Subject Not Found
09:53:37.149 [main] INFO  com.quiz_app.testcases.QuizAppAPITest - Response Code: 404
09:53:37.149 [main] INFO  com.quiz_app.testcases.QuizAppAPITest - Response Time: 22
]]></system-out>
  </testcase>
</testsuite>