<?xml version="1.0" encoding="UTF-8"?>
<testng-results ignored="0" total="4" passed="4" failed="0" skipped="0">
  <reporter-output>
  </reporter-output>
  <suite started-at="2023-12-21T09:53:34 IST" name="Suite" finished-at="2023-12-21T09:53:37 IST" duration-ms="2706">
    <groups>
    </groups>
    <test started-at="2023-12-21T09:53:34 IST" name="Test" finished-at="2023-12-21T09:53:37 IST" duration-ms="2706">
      <class name="com.quiz_app.testcases.QuizAppAPITest">
        <test-method is-config="true" signature="baseURL()[pri:0, instance:com.quiz_app.testcases.QuizAppAPITest@3954d008]" started-at="2023-12-21T09:53:34 IST" name="baseURL" finished-at="2023-12-21T09:53:34 IST" duration-ms="482" status="PASS">
          <reporter-output>
          </reporter-output>
        </test-method> <!-- baseURL -->
        <test-method signature="verifyByGettingAllSubjectsWithValidEndpoint()[pri:1, instance:com.quiz_app.testcases.QuizAppAPITest@3954d008]" started-at="2023-12-21T09:53:34 IST" name="verifyByGettingAllSubjectsWithValidEndpoint" finished-at="2023-12-21T09:53:36 IST" duration-ms="1563" status="PASS">
          <reporter-output>
          </reporter-output>
        </test-method> <!-- verifyByGettingAllSubjectsWithValidEndpoint -->
        <test-method signature="verifyByGettingAllSubjectsWithInValidEndpoint()[pri:2, instance:com.quiz_app.testcases.QuizAppAPITest@3954d008]" started-at="2023-12-21T09:53:36 IST" name="verifyByGettingAllSubjectsWithInValidEndpoint" finished-at="2023-12-21T09:53:36 IST" duration-ms="64" status="PASS">
          <reporter-output>
          </reporter-output>
        </test-method> <!-- verifyByGettingAllSubjectsWithInValidEndpoint -->
        <test-method signature="verifyByGettingOneSubjectsWithValidSubjectName()[pri:3, instance:com.quiz_app.testcases.QuizAppAPITest@3954d008]" started-at="2023-12-21T09:53:36 IST" name="verifyByGettingOneSubjectsWithValidSubjectName" finished-at="2023-12-21T09:53:37 IST" duration-ms="361" status="PASS">
          <reporter-output>
          </reporter-output>
        </test-method> <!-- verifyByGettingOneSubjectsWithValidSubjectName -->
        <test-method signature="verifyByGettingOneSubjectsWithInvalidSubjectName()[pri:4, instance:com.quiz_app.testcases.QuizAppAPITest@3954d008]" started-at="2023-12-21T09:53:37 IST" name="verifyByGettingOneSubjectsWithInvalidSubjectName" finished-at="2023-12-21T09:53:37 IST" duration-ms="102" status="PASS">
          <reporter-output>
          </reporter-output>
        </test-method> <!-- verifyByGettingOneSubjectsWithInvalidSubjectName -->
      </class> <!-- com.quiz_app.testcases.QuizAppAPITest -->
    </test> <!-- Test -->
  </suite> <!-- Suite -->
</testng-results>
