<?xml version="1.0" encoding="UTF-8"?>
<testng-results ignored="0" total="7" passed="7" failed="0" skipped="0">
  <reporter-output>
  </reporter-output>
  <suite started-at="2023-12-21T09:49:23 IST" name="Default suite" finished-at="2023-12-21T09:49:27 IST" duration-ms="3834">
    <groups>
    </groups>
    <test started-at="2023-12-21T09:49:23 IST" name="Default test" finished-at="2023-12-21T09:49:27 IST" duration-ms="3834">
      <class name="com.quiz_app.testcases.QuizAppAPITest">
        <test-method is-config="true" signature="baseURL()[pri:0, instance:com.quiz_app.testcases.QuizAppAPITest@2187fff7]" started-at="2023-12-21T09:49:23 IST" name="baseURL" finished-at="2023-12-21T09:49:24 IST" duration-ms="455" status="PASS">
          <reporter-output>
          </reporter-output>
        </test-method> <!-- baseURL -->
        <test-method signature="verifyByGettingAllSubjectsWithValidEndpoint()[pri:1, instance:com.quiz_app.testcases.QuizAppAPITest@2187fff7]" started-at="2023-12-21T09:49:24 IST" name="verifyByGettingAllSubjectsWithValidEndpoint" finished-at="2023-12-21T09:49:26 IST" duration-ms="1659" status="PASS">
          <reporter-output>
          </reporter-output>
        </test-method> <!-- verifyByGettingAllSubjectsWithValidEndpoint -->
        <test-method signature="verifyByGettingAllSubjectsWithInValidEndpoint()[pri:2, instance:com.quiz_app.testcases.QuizAppAPITest@2187fff7]" started-at="2023-12-21T09:49:26 IST" name="verifyByGettingAllSubjectsWithInValidEndpoint" finished-at="2023-12-21T09:49:26 IST" duration-ms="51" status="PASS">
          <reporter-output>
          </reporter-output>
        </test-method> <!-- verifyByGettingAllSubjectsWithInValidEndpoint -->
        <test-method signature="verifyByGettingOneSubjectsWithValidSubjectName()[pri:3, instance:com.quiz_app.testcases.QuizAppAPITest@2187fff7]" started-at="2023-12-21T09:49:26 IST" name="verifyByGettingOneSubjectsWithValidSubjectName" finished-at="2023-12-21T09:49:26 IST" duration-ms="346" status="PASS">
          <reporter-output>
          </reporter-output>
        </test-method> <!-- verifyByGettingOneSubjectsWithValidSubjectName -->
        <test-method signature="verifyByGettingOneSubjectsWithValidSubjectName()[pri:3, instance:com.quiz_app.testcases.QuizAppAPITest@2187fff7]" started-at="2023-12-21T09:49:26 IST" name="verifyByGettingOneSubjectsWithValidSubjectName" finished-at="2023-12-21T09:49:26 IST" duration-ms="401" status="PASS">
          <reporter-output>
          </reporter-output>
        </test-method> <!-- verifyByGettingOneSubjectsWithValidSubjectName -->
        <test-method signature="verifyByGettingOneSubjectsWithValidSubjectName()[pri:3, instance:com.quiz_app.testcases.QuizAppAPITest@2187fff7]" started-at="2023-12-21T09:49:26 IST" name="verifyByGettingOneSubjectsWithValidSubjectName" finished-at="2023-12-21T09:49:27 IST" duration-ms="269" status="PASS">
          <reporter-output>
          </reporter-output>
        </test-method> <!-- verifyByGettingOneSubjectsWithValidSubjectName -->
        <test-method signature="verifyByGettingOneSubjectsWithValidSubjectName()[pri:3, instance:com.quiz_app.testcases.QuizAppAPITest@2187fff7]" started-at="2023-12-21T09:49:27 IST" name="verifyByGettingOneSubjectsWithValidSubjectName" finished-at="2023-12-21T09:49:27 IST" duration-ms="383" status="PASS">
          <reporter-output>
          </reporter-output>
        </test-method> <!-- verifyByGettingOneSubjectsWithValidSubjectName -->
        <test-method signature="verifyByGettingOneSubjectsWithInvalidSubjectName()[pri:4, instance:com.quiz_app.testcases.QuizAppAPITest@2187fff7]" started-at="2023-12-21T09:49:27 IST" name="verifyByGettingOneSubjectsWithInvalidSubjectName" finished-at="2023-12-21T09:49:27 IST" duration-ms="121" status="PASS">
          <reporter-output>
          </reporter-output>
        </test-method> <!-- verifyByGettingOneSubjectsWithInvalidSubjectName -->
      </class> <!-- com.quiz_app.testcases.QuizAppAPITest -->
    </test> <!-- Default test -->
  </suite> <!-- Default suite -->
</testng-results>
